  Проверка источников на наличие зависимостей модуля…
  main.h
  Компиляция…
  main.h
  init.cpp
D:\Users\Max\vsopgl\opgl3\opgl3\init.cpp(17,12): error C4430: отсутствует спецификатор типа - предполагается int. Примечание. C++ не поддерживает int по умолчанию
D:\Users\Max\vsopgl\opgl3\opgl3\init.cpp(17,1): error C2365: mbstowcs_s: переопределение; предыдущим определением было "функция"
D:\Users\Max\vsopgl\opgl3\opgl3\init.cpp(47,9): error C2664: "HWND CreateWindowExW(DWORD,LPCWSTR,LPCWSTR,DWORD,int,int,int,int,HWND,HMENU,HINSTANCE,LPVOID)": невозможно преобразовать аргумент 3 из "LPSTR" в "LPCWSTR"
D:\Users\Max\vsopgl\opgl3\opgl3\init.cpp(47,9): message : Типы, на которые указывают указатели, не связаны; для преобразования требуется reinterpret_cast, приведение в стиле С или приведение в стиле функции в круглых скобках
C:\Program Files (x86)\Windows Kits\10\Include\10.0.22000.0\um\winuser.h(4433,1): message : см. объявление "CreateWindowExW"
D:\Users\Max\vsopgl\opgl3\opgl3\init.cpp(47,9): message : при попытке сопоставить список аргументов "(long, wchar_t *, LPSTR, DWORD, int, int, LONG, LONG, int, int, HINSTANCE, int)"
D:\Users\Max\vsopgl\opgl3\opgl3\init.cpp(83,3): error C2664: "int MessageBoxW(HWND,LPCWSTR,LPCWSTR,UINT)": невозможно преобразовать аргумент 2 из "const char [25]" в "LPCWSTR"
D:\Users\Max\vsopgl\opgl3\opgl3\init.cpp(83,20): message : Типы, на которые указывают указатели, не связаны; для преобразования требуется reinterpret_cast, приведение в стиле С или приведение в стиле функции в круглых скобках
C:\Program Files (x86)\Windows Kits\10\Include\10.0.22000.0\um\winuser.h(9161,1): message : см. объявление "MessageBoxW"
D:\Users\Max\vsopgl\opgl3\opgl3\init.cpp(83,3): message : при попытке сопоставить список аргументов "(int, const char [25], const char [6], long)"
D:\Users\Max\vsopgl\opgl3\opgl3\init.cpp(90,3): error C2664: "int MessageBoxW(HWND,LPCWSTR,LPCWSTR,UINT)": невозможно преобразовать аргумент 2 из "const char [22]" в "LPCWSTR"
D:\Users\Max\vsopgl\opgl3\opgl3\init.cpp(90,20): message : Типы, на которые указывают указатели, не связаны; для преобразования требуется reinterpret_cast, приведение в стиле С или приведение в стиле функции в круглых скобках
C:\Program Files (x86)\Windows Kits\10\Include\10.0.22000.0\um\winuser.h(9161,1): message : см. объявление "MessageBoxW"
D:\Users\Max\vsopgl\opgl3\opgl3\init.cpp(90,3): message : при попытке сопоставить список аргументов "(int, const char [22], const char [6], long)"
D:\Users\Max\vsopgl\opgl3\opgl3\init.cpp(169,2): error C2664: "BOOL UnregisterClassW(LPCWSTR,HINSTANCE)": невозможно преобразовать аргумент 1 из "const char [20]" в "LPCWSTR"
D:\Users\Max\vsopgl\opgl3\opgl3\init.cpp(169,18): message : Типы, на которые указывают указатели, не связаны; для преобразования требуется reinterpret_cast, приведение в стиле С или приведение в стиле функции в круглых скобках
C:\Program Files (x86)\Windows Kits\10\Include\10.0.22000.0\um\winuser.h(4307,1): message : см. объявление "UnregisterClassW"
D:\Users\Max\vsopgl\opgl3\opgl3\init.cpp(169,2): message : при попытке сопоставить список аргументов "(const char [20], HINSTANCE)"
D:\Users\Max\vsopgl\opgl3\opgl3\init.cpp(184,9): error C2664: "HWND CreateMyWindow(LPSTR,int,int,DWORD,bool,HINSTANCE)": невозможно преобразовать аргумент 1 из "const char [20]" в "LPSTR"
D:\Users\Max\vsopgl\opgl3\opgl3\init.cpp(184,24): message : При преобразовании из строкового литерала теряется квалификатор (см. /Zc:strictStrings)
D:\Users\Max\vsopgl\opgl3\opgl3\init.cpp(19,6): message : см. объявление "CreateMyWindow"
D:\Users\Max\vsopgl\opgl3\opgl3\init.cpp(184,9): message : при попытке сопоставить список аргументов "(const char [20], int, int, int, bool, HINSTANCE)"
D:\Users\Max\vsopgl\opgl3\opgl3\init.cpp(193,17): warning C4244: return: преобразование "WPARAM" в "int", возможна потеря данных
  main.cpp
D:\Users\Max\vsopgl\opgl3\opgl3\main.cpp(117,23): warning C4244: =: преобразование "LRESULT" в "LONG", возможна потеря данных
  Создание кода...
